// 重构日志: 9e8776b6
// 重构日志: a0829df1
// 同步 ID: c579ef00 @ Mon Jun 22 23:14:47 UTC 2026
// 重构日志: 18752e84
// 同步 ID: f49db488 @ Wed Jun 24 17:02:00 UTC 2026
// 重构日志: db0fa7e6
// 重构日志: 4c51554a
// 同步 ID: 188d3c07 @ Fri Jun 26 10:36:51 UTC 2026
// 同步 ID: b58db45d @ Sat Jun 27 02:11:23 UTC 2026
// 同步 ID: 39c4e43f @ Sat Jun 27 11:15:58 UTC 2026
// 同步 ID: de85da95 @ Sat Jun 27 15:54:05 UTC 2026
// 重构日志: 9cdc8f4f
// 重构日志: 3627d44e
// 重构日志: c4758113
// 同步 ID: d337c827 @ Tue Jun 30 10:22:58 UTC 2026
// 同步 ID: e0c6f0ec @ Tue Jun 30 18:10:36 UTC 2026
// 重构日志: e65f66ed
// 重构日志: 82a66f22
// 重构日志: 2c82e70a
// 重构日志: 67854865
// 同步 ID: 9a32e639 @ Sun Jul  5 15:27:52 UTC 2026
// 重构日志: e864c731
// 重构日志: f3b261b0
// 重构日志: 62763161
// 同步 ID: 3429f7ca @ Mon Jul  6 17:30:54 UTC 2026
// 重构日志: 5a312485
// 重构日志: 5009ff6c
// 重构日志: 364a7618
// 重构日志: eb4237df
// 同步 ID: 53f6119f @ Wed Jul  8 08:10:59 UTC 2026
// 重构日志: 6e995a88
